Using pre-set license
Built from '2022.3/staging' branch; Version is '2022.3.11f1 (d00248457e15) revision 13632072'; Using compiler version '192829333'; Build Type 'Release'
OS: 'Windows 10  (10.0.19044) 64bit Core' Language: 'en' Physical Memory: 7834 MB
BatchMode: 1, IsHumanControllingUs: 0, StartBugReporterOnCrash: 0, Is64bit: 1, IsPro: 1

COMMAND LINE ARGUMENTS:
C:\Program Files\Unity\Hub\Editor\2022.3.11f1\Editor\Unity.exe
-adb2
-batchMode
-noUpm
-name
AssetImportWorker1
-projectPath
C:/Users/jakec/Documents/GitHub/prototype
-logFile
Logs/AssetImportWorker1.log
-srvPort
63177
Successfully changed project path to: C:/Users/jakec/Documents/GitHub/prototype
C:/Users/jakec/Documents/GitHub/prototype
[UnityMemory] Configuration Parameters - Can be set up in boot.config
    "memorysetup-bucket-allocator-granularity=16"
    "memorysetup-bucket-allocator-bucket-count=8"
    "memorysetup-bucket-allocator-block-size=33554432"
    "memorysetup-bucket-allocator-block-count=8"
    "memorysetup-main-allocator-block-size=16777216"
    "memorysetup-thread-allocator-block-size=16777216"
    "memorysetup-gfx-main-allocator-block-size=16777216"
    "memorysetup-gfx-thread-allocator-block-size=16777216"
    "memorysetup-cache-allocator-block-size=4194304"
    "memorysetup-typetree-allocator-block-size=2097152"
    "memorysetup-profiler-bucket-allocator-granularity=16"
    "memorysetup-profiler-bucket-allocator-bucket-count=8"
    "memorysetup-profiler-bucket-allocator-block-size=33554432"
    "memorysetup-profiler-bucket-allocator-block-count=8"
    "memorysetup-profiler-allocator-block-size=16777216"
    "memorysetup-profiler-editor-allocator-block-size=1048576"
    "memorysetup-temp-allocator-size-main=16777216"
    "memorysetup-job-temp-allocator-block-size=2097152"
    "memorysetup-job-temp-allocator-block-size-background=1048576"
    "memorysetup-job-temp-allocator-reduction-small-platforms=262144"
    "memorysetup-allocator-temp-initial-block-size-main=262144"
    "memorysetup-allocator-temp-initial-block-size-worker=262144"
    "memorysetup-temp-allocator-size-background-worker=32768"
    "memorysetup-temp-allocator-size-job-worker=262144"
    "memorysetup-temp-allocator-size-preload-manager=33554432"
    "memorysetup-temp-allocator-size-nav-mesh-worker=65536"
    "memorysetup-temp-allocator-size-audio-worker=65536"
    "memorysetup-temp-allocator-size-cloud-worker=32768"
    "memorysetup-temp-allocator-size-gi-baking-worker=262144"
    "memorysetup-temp-allocator-size-gfx=262144"
Player connection [11684] Host "[IP] 10.144.10.168 [Port] 0 [Flags] 2 [Guid] 1587893421 [EditorId] 1587893421 [Version] 1048832 [Id] WindowsEditor(7,LAPTOP-0L7O640U) [Debug] 1 [PackageName] WindowsEditor [ProjectName] Editor" joined multi-casting on [225.0.0.222:54997]...

Player connection [11684] Host "[IP] 10.144.10.168 [Port] 0 [Flags] 2 [Guid] 1587893421 [EditorId] 1587893421 [Version] 1048832 [Id] WindowsEditor(7,LAPTOP-0L7O640U) [Debug] 1 [PackageName] WindowsEditor [ProjectName] Editor" joined alternative multi-casting on [225.0.0.222:34997]...

[Physics::Module] Initialized MultithreadedJobDispatcher with 7 workers.
Refreshing native plugins compatible for Editor in 10.12 ms, found 3 plugins.
Preloading 0 native plugins for Editor in 0.00 ms.
Initialize engine version: 2022.3.11f1 (d00248457e15)
[Subsystems] Discovering subsystems at path C:/Program Files/Unity/Hub/Editor/2022.3.11f1/Editor/Data/Resources/UnitySubsystems
[Subsystems] Discovering subsystems at path C:/Users/jakec/Documents/GitHub/prototype/Assets
GfxDevice: creating device client; threaded=0; jobified=0
Direct3D:
    Version:  Direct3D 11.0 [level 11.1]
    Renderer: Intel(R) Iris(R) Xe Graphics (ID=0x9a49)
    Vendor:   Intel
    VRAM:     3917 MB
    Driver:   31.0.101.4952
Initialize mono
Mono path[0] = 'C:/Program Files/Unity/Hub/Editor/2022.3.11f1/Editor/Data/Managed'
Mono path[1] = 'C:/Program Files/Unity/Hub/Editor/2022.3.11f1/Editor/Data/MonoBleedingEdge/lib/mono/unityjit-win32'
Mono config path = 'C:/Program Files/Unity/Hub/Editor/2022.3.11f1/Editor/Data/MonoBleedingEdge/etc'
Using monoOptions --debugger-agent=transport=dt_socket,embedding=1,server=y,suspend=n,address=127.0.0.1:56464
Begin MonoManager ReloadAssembly
Registering precompiled unity dll's ...
Register platform support module: C:/Program Files/Unity/Hub/Editor/2022.3.11f1/Editor/Data/PlaybackEngines/AndroidPlayer/UnityEditor.Android.Extensions.dll
Register platform support module: C:/Program Files/Unity/Hub/Editor/2022.3.11f1/Editor/Data/PlaybackEngines/WindowsStandaloneSupport/UnityEditor.WindowsStandalone.Extensions.dll
Registered in 0.012969 seconds.
- Loaded All Assemblies, in  0.462 seconds
Native extension for WindowsStandalone target not found
Native extension for Android target not found
Android Extension - Scanning For ADB Devices 360 ms
Mono: successfully reloaded assembly
- Finished resetting the current domain, in  0.765 seconds
Domain Reload Profiling: 1225ms
	BeginReloadAssembly (140ms)
		ExecutionOrderSort (0ms)
		DisableScriptedObjects (0ms)
		BackupInstance (0ms)
		ReleaseScriptingObjects (0ms)
		CreateAndSetChildDomain (1ms)
	RebuildCommonClasses (42ms)
	RebuildNativeTypeToScriptingClass (11ms)
	initialDomainReloadingComplete (81ms)
	LoadAllAssembliesAndSetupDomain (185ms)
		LoadAssemblies (138ms)
		RebuildTransferFunctionScriptingTraits (0ms)
		AnalyzeDomain (182ms)
			TypeCache.Refresh (179ms)
				TypeCache.ScanAssembly (161ms)
			ScanForSourceGeneratedMonoScriptInfo (1ms)
			ResolveRequiredComponents (1ms)
	FinalizeReload (766ms)
		ReleaseScriptCaches (0ms)
		RebuildScriptCaches (0ms)
		SetupLoadedEditorAssemblies (692ms)
			LogAssemblyErrors (0ms)
			InitializePlatformSupportModulesInManaged (510ms)
			SetLoadedEditorAssemblies (5ms)
			RefreshPlugins (0ms)
			BeforeProcessingInitializeOnLoad (3ms)
			ProcessInitializeOnLoadAttributes (120ms)
			ProcessInitializeOnLoadMethodAttributes (54ms)
			AfterProcessingInitializeOnLoad (0ms)
			EditorAssembliesLoaded (0ms)
		ExecutionOrderSort2 (0ms)
		AwakeInstancesAfterBackupRestoration (0ms)
========================================================================
Worker process is ready to serve import requests
Begin MonoManager ReloadAssembly
- Loaded All Assemblies, in  0.742 seconds
Refreshing native plugins compatible for Editor in 3.49 ms, found 3 plugins.
Native extension for WindowsStandalone target not found
Native extension for Android target not found
Package Manager log level set to [2]
[Package Manager] Server::EnsureServerProcessIsRunning -- launch failed, reason: Unity was launched with the -noUpm command-line argument
[Package Manager] UpmClient::Send -- Unable to send message (not connected to UPM process).
[Package Manager] Cannot connect to Unity Package Manager local server
Mono: successfully reloaded assembly
- Finished resetting the current domain, in  0.632 seconds
Domain Reload Profiling: 1372ms
	BeginReloadAssembly (183ms)
		ExecutionOrderSort (0ms)
		DisableScriptedObjects (8ms)
		BackupInstance (0ms)
		ReleaseScriptingObjects (0ms)
		CreateAndSetChildDomain (24ms)
	RebuildCommonClasses (42ms)
	RebuildNativeTypeToScriptingClass (10ms)
	initialDomainReloadingComplete (55ms)
	LoadAllAssembliesAndSetupDomain (449ms)
		LoadAssemblies (384ms)
		RebuildTransferFunctionScriptingTraits (0ms)
		AnalyzeDomain (169ms)
			TypeCache.Refresh (147ms)
				TypeCache.ScanAssembly (129ms)
			ScanForSourceGeneratedMonoScriptInfo (16ms)
			ResolveRequiredComponents (5ms)
	FinalizeReload (633ms)
		ReleaseScriptCaches (0ms)
		RebuildScriptCaches (0ms)
		SetupLoadedEditorAssemblies (441ms)
			LogAssemblyErrors (0ms)
			InitializePlatformSupportModulesInManaged (31ms)
			SetLoadedEditorAssemblies (5ms)
			RefreshPlugins (0ms)
			BeforeProcessingInitializeOnLoad (70ms)
			ProcessInitializeOnLoadAttributes (302ms)
			ProcessInitializeOnLoadMethodAttributes (25ms)
			AfterProcessingInitializeOnLoad (8ms)
			EditorAssembliesLoaded (0ms)
		ExecutionOrderSort2 (0ms)
		AwakeInstancesAfterBackupRestoration (5ms)
Launched and connected shader compiler UnityShaderCompiler.exe after 0.04 seconds
Refreshing native plugins compatible for Editor in 3.14 ms, found 3 plugins.
Preloading 0 native plugins for Editor in 0.00 ms.
Unloading 3004 Unused Serialized files (Serialized files now loaded: 0)
Unloading 30 unused Assets / (29.1 KB). Loaded Objects now: 3472.
Memory consumption went from 126.0 MB to 125.9 MB.
Total: 2.759900 ms (FindLiveObjects: 0.284500 ms CreateObjectMapping: 0.112500 ms MarkObjects: 2.305700 ms  DeleteObjects: 0.056000 ms)

AssetImportParameters requested are different than current active one (requested -> active):
  custom:video-decoder-webm-vp8: 9c59270c3fd7afecdb556c50c9e8de78 -> 
  custom:container-demuxer-ogg: 62fdf1f143b41e24485cea50d1cbac27 -> 
  custom:AudioImporter_EditorPlatform: d09bf68614088b80899f8185d706f6e7 -> 
  custom:video-decoder-ogg-theora: a1e56fd34408186e4bbccfd4996cb3dc -> 
  custom:framework-win-MediaFoundation: 216162199b28c13a410421893ffa2e32 -> 
  custom:video-encoder-webm-vp8: eb34c28f22e8b96e1ab97ce403110664 -> 
  custom:audio-decoder-ogg-vorbis: bf7c407c2cedff20999df2af8eb42d56 -> 
  custom:container-demuxer-webm: 4f35f7cbe854078d1ac9338744f61a02 -> 
  custom:audio-encoder-webm-vorbis: bf7c407c2cedff20999df2af8eb42d56 -> 
  custom:container-muxer-webm: aa71ff27fc2769a1b78a27578f13a17b -> 
========================================================================
Received Prepare
Refreshing native plugins compatible for Editor in 12.33 ms, found 3 plugins.
Preloading 0 native plugins for Editor in 0.00 ms.
Unloading 1 Unused Serialized files (Serialized files now loaded: 0)
Unloading 1 unused Assets / (3.0 KB). Loaded Objects now: 3472.
Memory consumption went from 75.3 MB to 75.3 MB.
Total: 5.879300 ms (FindLiveObjects: 0.560900 ms CreateObjectMapping: 0.489800 ms MarkObjects: 4.778000 ms  DeleteObjects: 0.048300 ms)

Prepare: number of updated asset objects reloaded= 0
AssetImportParameters requested are different than current active one (requested -> active):
  custom:video-decoder-webm-vp8: 9c59270c3fd7afecdb556c50c9e8de78 -> 
  custom:SearchIndexIgnoredProperties: e643bd26f0fe6173181afceb89e7c659 -> 
  custom:container-demuxer-ogg: 62fdf1f143b41e24485cea50d1cbac27 -> 
  custom:AudioImporter_EditorPlatform: d09bf68614088b80899f8185d706f6e7 -> 
  custom:video-decoder-ogg-theora: a1e56fd34408186e4bbccfd4996cb3dc -> 
  custom:framework-win-MediaFoundation: 216162199b28c13a410421893ffa2e32 -> 
  custom:video-encoder-webm-vp8: eb34c28f22e8b96e1ab97ce403110664 -> 
  custom:audio-decoder-ogg-vorbis: bf7c407c2cedff20999df2af8eb42d56 -> 
  custom:CustomObjectIndexerAttribute: 756ad292c208cfabdd7b50bc23989ffe -> 
  custom:container-demuxer-webm: 4f35f7cbe854078d1ac9338744f61a02 -> 
  custom:audio-encoder-webm-vorbis: bf7c407c2cedff20999df2af8eb42d56 -> 
  custom:container-muxer-webm: aa71ff27fc2769a1b78a27578f13a17b -> 
========================================================================
Received Prepare
Begin MonoManager ReloadAssembly
- Loaded All Assemblies, in  0.464 seconds
Refreshing native plugins compatible for Editor in 4.11 ms, found 3 plugins.
Native extension for WindowsStandalone target not found
Native extension for Android target not found
[Package Manager] Server::EnsureServerProcessIsRunning -- launch failed, reason: Unity was launched with the -noUpm command-line argument
[Package Manager] UpmClient::Send -- Unable to send message (not connected to UPM process).
[Package Manager] Cannot connect to Unity Package Manager local server
Mono: successfully reloaded assembly
- Finished resetting the current domain, in  1.410 seconds
Domain Reload Profiling: 1871ms
	BeginReloadAssembly (147ms)
		ExecutionOrderSort (0ms)
		DisableScriptedObjects (7ms)
		BackupInstance (0ms)
		ReleaseScriptingObjects (0ms)
		CreateAndSetChildDomain (27ms)
	RebuildCommonClasses (35ms)
	RebuildNativeTypeToScriptingClass (12ms)
	initialDomainReloadingComplete (34ms)
	LoadAllAssembliesAndSetupDomain (231ms)
		LoadAssemblies (294ms)
		RebuildTransferFunctionScriptingTraits (0ms)
		AnalyzeDomain (21ms)
			TypeCache.Refresh (7ms)
				TypeCache.ScanAssembly (0ms)
			ScanForSourceGeneratedMonoScriptInfo (6ms)
			ResolveRequiredComponents (7ms)
	FinalizeReload (1411ms)
		ReleaseScriptCaches (0ms)
		RebuildScriptCaches (0ms)
		SetupLoadedEditorAssemblies (419ms)
			LogAssemblyErrors (0ms)
			InitializePlatformSupportModulesInManaged (28ms)
			SetLoadedEditorAssemblies (5ms)
			RefreshPlugins (0ms)
			BeforeProcessingInitializeOnLoad (68ms)
			ProcessInitializeOnLoadAttributes (282ms)
			ProcessInitializeOnLoadMethodAttributes (27ms)
			AfterProcessingInitializeOnLoad (8ms)
			EditorAssembliesLoaded (0ms)
		ExecutionOrderSort2 (0ms)
		AwakeInstancesAfterBackupRestoration (6ms)
Refreshing native plugins compatible for Editor in 2.47 ms, found 3 plugins.
Preloading 0 native plugins for Editor in 0.00 ms.
Unloading 2984 Unused Serialized files (Serialized files now loaded: 0)
Unloading 22 unused Assets / (30.6 KB). Loaded Objects now: 3475.
Memory consumption went from 123.4 MB to 123.4 MB.
Total: 2.420300 ms (FindLiveObjects: 0.223600 ms CreateObjectMapping: 0.072600 ms MarkObjects: 2.074700 ms  DeleteObjects: 0.048200 ms)

Prepare: number of updated asset objects reloaded= 0
AssetImportParameters requested are different than current active one (requested -> active):
  custom:video-decoder-webm-vp8: 9c59270c3fd7afecdb556c50c9e8de78 -> 
  custom:SearchIndexIgnoredProperties: e643bd26f0fe6173181afceb89e7c659 -> 
  custom:container-demuxer-ogg: 62fdf1f143b41e24485cea50d1cbac27 -> 
  custom:AudioImporter_EditorPlatform: d09bf68614088b80899f8185d706f6e7 -> 
  custom:video-decoder-ogg-theora: a1e56fd34408186e4bbccfd4996cb3dc -> 
  custom:framework-win-MediaFoundation: 216162199b28c13a410421893ffa2e32 -> 
  custom:video-encoder-webm-vp8: eb34c28f22e8b96e1ab97ce403110664 -> 
  custom:audio-decoder-ogg-vorbis: bf7c407c2cedff20999df2af8eb42d56 -> 
  custom:CustomObjectIndexerAttribute: 756ad292c208cfabdd7b50bc23989ffe -> 
  custom:container-demuxer-webm: 4f35f7cbe854078d1ac9338744f61a02 -> 
  custom:audio-encoder-webm-vorbis: bf7c407c2cedff20999df2af8eb42d56 -> 
  custom:container-muxer-webm: aa71ff27fc2769a1b78a27578f13a17b -> 
========================================================================
Received Import Request.
  Time since last request: 13355.535283 seconds.
  path: Assets/button.png
  artifactKey: Guid(d52cebeec70b26248bb8ec8cbfa23f33) Importer(2089858483,0ecaa5967403d082aa24f35e1b516d23)
Start importing Assets/button.png using Guid(d52cebeec70b26248bb8ec8cbfa23f33) Importer(2089858483,0ecaa5967403d082aa24f35e1b516d23) Generated GUIDs only implemented for interfaces!
 -> (artifact id: '2cc6b50c3df2554cb04b973ba6fcad6e') in 0.159136 seconds
Number of updated asset objects reloaded before import = 0
Number of asset objects unloaded after import = 3
========================================================================
Received Import Request.
  Time since last request: 0.000023 seconds.
  path: Assets/Materials/RED.mat
  artifactKey: Guid(7091d2ea1eeef984eb339c0dd9254d4e) Importer(2089858483,0ecaa5967403d082aa24f35e1b516d23)
Start importing Assets/Materials/RED.mat using Guid(7091d2ea1eeef984eb339c0dd9254d4e) Importer(2089858483,0ecaa5967403d082aa24f35e1b516d23) Generated GUIDs only implemented for interfaces!
 -> (artifact id: '851468b58b07d3b2bbac820453a8f4fb') in 0.045313 seconds
Number of updated asset objects reloaded before import = 0
Number of asset objects unloaded after import = 1
========================================================================
Received Import Request.
  Time since last request: 0.000033 seconds.
  path: Assets/Scripts/MenuController.cs
  artifactKey: Guid(475f9bf0ee11ef3438c822b3b27f0287) Importer(2089858483,0ecaa5967403d082aa24f35e1b516d23)
Start importing Assets/Scripts/MenuController.cs using Guid(475f9bf0ee11ef3438c822b3b27f0287) Importer(2089858483,0ecaa5967403d082aa24f35e1b516d23) Generated GUIDs only implemented for interfaces!
 -> (artifact id: 'faad132ac0f47b235dd4d696e7cc536a') in 0.012218 seconds
Number of updated asset objects reloaded before import = 0
Number of asset objects unloaded after import = 1
========================================================================
Received Import Request.
  Time since last request: 0.000017 seconds.
  path: Assets/Music/Loyalty_Freak_Music_-_04_-_It_feels_good_to_be_alive_too.mp3
  artifactKey: Guid(32fb5fbc6c06b144bafa23cc1f1af28c) Importer(2089858483,0ecaa5967403d082aa24f35e1b516d23)
Start importing Assets/Music/Loyalty_Freak_Music_-_04_-_It_feels_good_to_be_alive_too.mp3 using Guid(32fb5fbc6c06b144bafa23cc1f1af28c) Importer(2089858483,0ecaa5967403d082aa24f35e1b516d23) Generated GUIDs only implemented for interfaces!
 -> (artifact id: '71426edadf5105baa75b7b28670d362c') in 0.071385 seconds
Number of updated asset objects reloaded before import = 0
Number of asset objects unloaded after import = 1
========================================================================
Received Import Request.
  Time since last request: 0.000128 seconds.
  path: Assets/sounds/Footsteps mixkit-knocking-on-a-thick-wooden-door-197.mp3
  artifactKey: Guid(9267b5aa2ebd8d34eb9d542ba31aca45) Importer(2089858483,0ecaa5967403d082aa24f35e1b516d23)
Start importing Assets/sounds/Footsteps mixkit-knocking-on-a-thick-wooden-door-197.mp3 using Guid(9267b5aa2ebd8d34eb9d542ba31aca45) Importer(2089858483,0ecaa5967403d082aa24f35e1b516d23) Generated GUIDs only implemented for interfaces!
 -> (artifact id: 'f7e2fa6b1bf074bef92db56864400023') in 0.064683 seconds
Number of updated asset objects reloaded before import = 0
Number of asset objects unloaded after import = 1
========================================================================
Received Import Request.
  Time since last request: 0.000025 seconds.
  path: Assets/map materials/meduim door.mat
  artifactKey: Guid(668ddfccec01de841b28e41e25cd0bc4) Importer(2089858483,0ecaa5967403d082aa24f35e1b516d23)
Start importing Assets/map materials/meduim door.mat using Guid(668ddfccec01de841b28e41e25cd0bc4) Importer(2089858483,0ecaa5967403d082aa24f35e1b516d23) Generated GUIDs only implemented for interfaces!
 -> (artifact id: '616856b73afc52a1909c70d2f9c4877b') in 0.028783 seconds
Number of updated asset objects reloaded before import = 0
Number of asset objects unloaded after import = 2
========================================================================
Received Import Request.
  Time since last request: 0.000015 seconds.
  path: Assets/Fonts/ThaleahFat.png
  artifactKey: Guid(0ac691dd25a276d468ee89cf1948229d) Importer(2089858483,0ecaa5967403d082aa24f35e1b516d23)
Start importing Assets/Fonts/ThaleahFat.png using Guid(0ac691dd25a276d468ee89cf1948229d) Importer(2089858483,0ecaa5967403d082aa24f35e1b516d23) Generated GUIDs only implemented for interfaces!
 -> (artifact id: 'a8a651152d83ced0bf8c2c0f962d5174') in 0.048816 seconds
Number of updated asset objects reloaded before import = 0
Number of asset objects unloaded after import = 1
========================================================================
Received Import Request.
  Time since last request: 0.000051 seconds.
  path: Assets/map materials/easy door.mat
  artifactKey: Guid(f7be821874f5eca44a9e82c6bec9fc1c) Importer(2089858483,0ecaa5967403d082aa24f35e1b516d23)
Start importing Assets/map materials/easy door.mat using Guid(f7be821874f5eca44a9e82c6bec9fc1c) Importer(2089858483,0ecaa5967403d082aa24f35e1b516d23) Generated GUIDs only implemented for interfaces!
 -> (artifact id: 'b045f3e54304cf5da2a361293479cf52') in 0.026364 seconds
Number of updated asset objects reloaded before import = 0
Number of asset objects unloaded after import = 2
========================================================================
Received Import Request.
  Time since last request: 0.000025 seconds.
  path: Assets/map materials/WallTextureBoss_scaled_16x_pngcrushed.png
  artifactKey: Guid(3bb64aabce3ce8d43bc50ee0cc74bf3e) Importer(2089858483,0ecaa5967403d082aa24f35e1b516d23)
Start importing Assets/map materials/WallTextureBoss_scaled_16x_pngcrushed.png using Guid(3bb64aabce3ce8d43bc50ee0cc74bf3e) Importer(2089858483,0ecaa5967403d082aa24f35e1b516d23) Generated GUIDs only implemented for interfaces!
 -> (artifact id: '34fee8648dcfbec5b70abda4179d1e4b') in 0.027326 seconds
Number of updated asset objects reloaded before import = 0
Number of asset objects unloaded after import = 1
========================================================================
Received Import Request.
  Time since last request: 0.000035 seconds.
  path: Assets/Scenes/gasfighting dungoen map.unity
  artifactKey: Guid(7e7bede420c90764289c403ebc48d3c9) Importer(2089858483,0ecaa5967403d082aa24f35e1b516d23)
Start importing Assets/Scenes/gasfighting dungoen map.unity using Guid(7e7bede420c90764289c403ebc48d3c9) Importer(2089858483,0ecaa5967403d082aa24f35e1b516d23) Generated GUIDs only implemented for interfaces!
 -> (artifact id: 'a54b8b857992ae16332d48bceb51557f') in 0.012745 seconds
Number of updated asset objects reloaded before import = 0
Number of asset objects unloaded after import = 1
========================================================================
Received Import Request.
  Time since last request: 0.000026 seconds.
  path: Assets/Animations/StatsChangeBackgroundMoveOut.anim
  artifactKey: Guid(d2b4bd7f39bf2fc46bb232ce7dc2118d) Importer(2089858483,0ecaa5967403d082aa24f35e1b516d23)
Start importing Assets/Animations/StatsChangeBackgroundMoveOut.anim using Guid(d2b4bd7f39bf2fc46bb232ce7dc2118d) Importer(2089858483,0ecaa5967403d082aa24f35e1b516d23) Generated GUIDs only implemented for interfaces!
 -> (artifact id: '8e28fa6b7ec2b3308917b9fd99c9f3c7') in 0.026952 seconds
Number of updated asset objects reloaded before import = 0
Number of asset objects unloaded after import = 1
========================================================================
Received Import Request.
  Time since last request: 0.000023 seconds.
  path: Assets/Animator Controllers/VisitAllBackgroundAnimatorController.controller
  artifactKey: Guid(4d6efba8f4971db4397509cc45ffdff3) Importer(2089858483,0ecaa5967403d082aa24f35e1b516d23)
Start importing Assets/Animator Controllers/VisitAllBackgroundAnimatorController.controller using Guid(4d6efba8f4971db4397509cc45ffdff3) Importer(2089858483,0ecaa5967403d082aa24f35e1b516d23) Generated GUIDs only implemented for interfaces!
 -> (artifact id: 'e5a2b3ec13f40ae5308469275292ad15') in 0.036433 seconds
Number of updated asset objects reloaded before import = 0
Number of asset objects unloaded after import = 10
========================================================================
Received Import Request.
  Time since last request: 0.000017 seconds.
  path: Assets/Thaleah_PixelFont/Thaleah_Readme.pdf
  artifactKey: Guid(2b9a81d04b64ba846b895089734b9415) Importer(2089858483,0ecaa5967403d082aa24f35e1b516d23)
Start importing Assets/Thaleah_PixelFont/Thaleah_Readme.pdf using Guid(2b9a81d04b64ba846b895089734b9415) Importer(2089858483,0ecaa5967403d082aa24f35e1b516d23) Generated GUIDs only implemented for interfaces!
 -> (artifact id: 'af485b7704dcffc0bdbb4900c0332886') in 0.008255 seconds
Number of updated asset objects reloaded before import = 0
Number of asset objects unloaded after import = 1
========================================================================
Received Import Request.
  Time since last request: 0.000095 seconds.
  path: Assets/TextMesh Pro/Shaders/TMPro.cginc
  artifactKey: Guid(407bc68d299748449bbf7f48ee690f8d) Importer(2089858483,0ecaa5967403d082aa24f35e1b516d23)
Start importing Assets/TextMesh Pro/Shaders/TMPro.cginc using Guid(407bc68d299748449bbf7f48ee690f8d) Importer(2089858483,0ecaa5967403d082aa24f35e1b516d23) Generated GUIDs only implemented for interfaces!
 -> (artifact id: '6b19a4361b43b4b296c26d47ea131dd7') in 0.016673 seconds
Number of updated asset objects reloaded before import = 0
Number of asset objects unloaded after import = 1
========================================================================
Received Import Request.
  Time since last request: 0.000036 seconds.
  path: Assets/Sprites/AlexDayC.png
  artifactKey: Guid(39b9a987e138e5a42b6a46fb8ce62169) Importer(2089858483,0ecaa5967403d082aa24f35e1b516d23)
Start importing Assets/Sprites/AlexDayC.png using Guid(39b9a987e138e5a42b6a46fb8ce62169) Importer(2089858483,0ecaa5967403d082aa24f35e1b516d23) Generated GUIDs only implemented for interfaces!
 -> (artifact id: '1f4838d2daf618d205bd6a9276a49f32') in 0.038718 seconds
Number of updated asset objects reloaded before import = 0
Number of asset objects unloaded after import = 3
========================================================================
Received Import Request.
  Time since last request: 0.000023 seconds.
  path: Assets/Resources/healthbar.prefab
  artifactKey: Guid(d26761e4053fceb42a9940febff26970) Importer(2089858483,0ecaa5967403d082aa24f35e1b516d23)
Start importing Assets/Resources/healthbar.prefab using Guid(d26761e4053fceb42a9940febff26970) Importer(2089858483,0ecaa5967403d082aa24f35e1b516d23) Generated GUIDs only implemented for interfaces!
 -> (artifact id: 'c818b61b764e5ce9987f2dbe144531ce') in 0.039665 seconds
Number of updated asset objects reloaded before import = 0
Number of asset objects unloaded after import = 24
========================================================================
Received Import Request.
  Time since last request: 0.000024 seconds.
  path: Assets/map materials/FloorTextureEasy_scaled_16x_pngcrushed.png
  artifactKey: Guid(3ee06527ffd495742a67be6ee3320e56) Importer(2089858483,0ecaa5967403d082aa24f35e1b516d23)
Start importing Assets/map materials/FloorTextureEasy_scaled_16x_pngcrushed.png using Guid(3ee06527ffd495742a67be6ee3320e56) Importer(2089858483,0ecaa5967403d082aa24f35e1b516d23) Generated GUIDs only implemented for interfaces!
 -> (artifact id: 'bfca83c48e2f8a285adfd12638217be4') in 0.035168 seconds
Number of updated asset objects reloaded before import = 0
Number of asset objects unloaded after import = 1
========================================================================
Received Import Request.
  Time since last request: 0.000071 seconds.
  path: Assets/buttonPressed.png
  artifactKey: Guid(0549954014d76d348b09c052f2bee5c5) Importer(2089858483,0ecaa5967403d082aa24f35e1b516d23)
Start importing Assets/buttonPressed.png using Guid(0549954014d76d348b09c052f2bee5c5) Importer(2089858483,0ecaa5967403d082aa24f35e1b516d23) Generated GUIDs only implemented for interfaces!
 -> (artifact id: 'd47b8ce772abd7852cc9f09fb1032cb5') in 0.040447 seconds
Number of updated asset objects reloaded before import = 0
Number of asset objects unloaded after import = 3
========================================================================
Received Import Request.
  Time since last request: 0.000017 seconds.
  path: Assets/Materials/health bar back.png
  artifactKey: Guid(a1ae5c4bc2ebca546bd97a3951cea856) Importer(2089858483,0ecaa5967403d082aa24f35e1b516d23)
Start importing Assets/Materials/health bar back.png using Guid(a1ae5c4bc2ebca546bd97a3951cea856) Importer(2089858483,0ecaa5967403d082aa24f35e1b516d23) Generated GUIDs only implemented for interfaces!
 -> (artifact id: '8f0de0358d6dd81265b8868f99e2214b') in 0.030725 seconds
Number of updated asset objects reloaded before import = 0
Number of asset objects unloaded after import = 1
========================================================================
Received Import Request.
  Time since last request: 0.000024 seconds.
  path: Assets/Scripts/DayCycleController.cs
  artifactKey: Guid(55546849f0ea0a0498545d932d5ee09d) Importer(2089858483,0ecaa5967403d082aa24f35e1b516d23)
Start importing Assets/Scripts/DayCycleController.cs using Guid(55546849f0ea0a0498545d932d5ee09d) Importer(2089858483,0ecaa5967403d082aa24f35e1b516d23) Generated GUIDs only implemented for interfaces!
 -> (artifact id: '82bdd6c69874e43e555e18cbfb6e2bc2') in 0.012316 seconds
Number of updated asset objects reloaded before import = 0
Number of asset objects unloaded after import = 1
========================================================================
Received Import Request.
  Time since last request: 0.000043 seconds.
  path: Assets/map materials/textures.png
  artifactKey: Guid(a7c9d9f9f1b28544a95a04d170241988) Importer(2089858483,0ecaa5967403d082aa24f35e1b516d23)
Start importing Assets/map materials/textures.png using Guid(a7c9d9f9f1b28544a95a04d170241988) Importer(2089858483,0ecaa5967403d082aa24f35e1b516d23) Generated GUIDs only implemented for interfaces!
 -> (artifact id: 'fbd9f4faaaa62e7149afd57e860517aa') in 0.041061 seconds
Number of updated asset objects reloaded before import = 0
Number of asset objects unloaded after import = 1
========================================================================
Received Import Request.
  Time since last request: 0.000014 seconds.
  path: Assets/Animations/VisitAllBackgroundMoveOut.anim
  artifactKey: Guid(e1d738ecb60f05d48af7122228a9f0e0) Importer(2089858483,0ecaa5967403d082aa24f35e1b516d23)
Start importing Assets/Animations/VisitAllBackgroundMoveOut.anim using Guid(e1d738ecb60f05d48af7122228a9f0e0) Importer(2089858483,0ecaa5967403d082aa24f35e1b516d23) Generated GUIDs only implemented for interfaces!
 -> (artifact id: '09cc1d6cc0bd72937a9d4890c4664ba0') in 0.012810 seconds
Number of updated asset objects reloaded before import = 0
Number of asset objects unloaded after import = 1
========================================================================
Received Import Request.
  Time since last request: 0.000017 seconds.
  path: Assets/TextMesh Pro/Documentation/TextMesh Pro User Guide 2016.pdf
  artifactKey: Guid(1b8d251f9af63b746bf2f7ffe00ebb9b) Importer(2089858483,0ecaa5967403d082aa24f35e1b516d23)
Start importing Assets/TextMesh Pro/Documentation/TextMesh Pro User Guide 2016.pdf using Guid(1b8d251f9af63b746bf2f7ffe00ebb9b) Importer(2089858483,0ecaa5967403d082aa24f35e1b516d23) Generated GUIDs only implemented for interfaces!
 -> (artifact id: '41ff850ed32674fd5d3c8c8048d756f4') in 0.009017 seconds
Number of updated asset objects reloaded before import = 0
Number of asset objects unloaded after import = 1
========================================================================
Received Import Request.
  Time since last request: 0.000026 seconds.
  path: Assets/character.cs
  artifactKey: Guid(21ca67f113f54464f839627f7011649b) Importer(2089858483,0ecaa5967403d082aa24f35e1b516d23)
Start importing Assets/character.cs using Guid(21ca67f113f54464f839627f7011649b) Importer(2089858483,0ecaa5967403d082aa24f35e1b516d23) Generated GUIDs only implemented for interfaces!
 -> (artifact id: '822f21d75392dd5bb8a5a1926c96268a') in 0.013671 seconds
Number of updated asset objects reloaded before import = 0
Number of asset objects unloaded after import = 1
========================================================================
Received Import Request.
  Time since last request: 0.000017 seconds.
  path: Assets/map materials/meduim floor.mat
  artifactKey: Guid(a8653381c11ea904bb22eed6fa0394e4) Importer(2089858483,0ecaa5967403d082aa24f35e1b516d23)
Start importing Assets/map materials/meduim floor.mat using Guid(a8653381c11ea904bb22eed6fa0394e4) Importer(2089858483,0ecaa5967403d082aa24f35e1b516d23) Generated GUIDs only implemented for interfaces!
 -> (artifact id: 'de8ded0a14e5e54f08d213dc4866aae5') in 0.026561 seconds
Number of updated asset objects reloaded before import = 0
Number of asset objects unloaded after import = 2
========================================================================
Received Import Request.
  Time since last request: 0.000019 seconds.
  path: Assets/Scenes/DayCycleScene.unity
  artifactKey: Guid(54f6bae691739924e85d3c004cdd8b34) Importer(2089858483,0ecaa5967403d082aa24f35e1b516d23)
Start importing Assets/Scenes/DayCycleScene.unity using Guid(54f6bae691739924e85d3c004cdd8b34) Importer(2089858483,0ecaa5967403d082aa24f35e1b516d23) Generated GUIDs only implemented for interfaces!
 -> (artifact id: 'f599549c84a3bd169b81004add0aaa0c') in 0.009732 seconds
Number of updated asset objects reloaded before import = 0
Number of asset objects unloaded after import = 1
========================================================================
Received Import Request.
  Time since last request: 0.000030 seconds.
  path: Assets/sounds/Enemy Attack mixkit-explainer-video-game-alert-sweep-236.mp3
  artifactKey: Guid(f2859171f53ebbd4bb182faf7cddbd0a) Importer(2089858483,0ecaa5967403d082aa24f35e1b516d23)
Start importing Assets/sounds/Enemy Attack mixkit-explainer-video-game-alert-sweep-236.mp3 using Guid(f2859171f53ebbd4bb182faf7cddbd0a) Importer(2089858483,0ecaa5967403d082aa24f35e1b516d23) Generated GUIDs only implemented for interfaces!
 -> (artifact id: '1414fffc4379c023952e99a21f33fa29') in 0.065732 seconds
Number of updated asset objects reloaded before import = 0
Number of asset objects unloaded after import = 1
========================================================================
Received Import Request.
  Time since last request: 0.000051 seconds.
  path: Assets/map materials/hard wall.mat
  artifactKey: Guid(fdfb32be7299eda4ca028dd4fdfa42df) Importer(2089858483,0ecaa5967403d082aa24f35e1b516d23)
Start importing Assets/map materials/hard wall.mat using Guid(fdfb32be7299eda4ca028dd4fdfa42df) Importer(2089858483,0ecaa5967403d082aa24f35e1b516d23) Generated GUIDs only implemented for interfaces!
 -> (artifact id: '073c3eb4f72c6f6bc2f0900b494cf512') in 0.019716 seconds
Number of updated asset objects reloaded before import = 0
Number of asset objects unloaded after import = 2
========================================================================
Received Import Request.
  Time since last request: 0.000049 seconds.
  path: Assets/Sprites/DedeDayA.png
  artifactKey: Guid(93450711bdfd5a5448478e40a448cc52) Importer(2089858483,0ecaa5967403d082aa24f35e1b516d23)
Start importing Assets/Sprites/DedeDayA.png using Guid(93450711bdfd5a5448478e40a448cc52) Importer(2089858483,0ecaa5967403d082aa24f35e1b516d23) Generated GUIDs only implemented for interfaces!
 -> (artifact id: 'eb421837615c8fbda3b8facb29f30de1') in 0.039774 seconds
Number of updated asset objects reloaded before import = 0
Number of asset objects unloaded after import = 3
========================================================================
Received Import Request.
  Time since last request: 0.000018 seconds.
  path: Assets/sounds/Fixed pecial mixkit-bubbly-achievement-tone-3193.mp3
  artifactKey: Guid(a3d8df8aeb695ce44a5b344ad4b4c44e) Importer(2089858483,0ecaa5967403d082aa24f35e1b516d23)
Start importing Assets/sounds/Fixed pecial mixkit-bubbly-achievement-tone-3193.mp3 using Guid(a3d8df8aeb695ce44a5b344ad4b4c44e) Importer(2089858483,0ecaa5967403d082aa24f35e1b516d23) Generated GUIDs only implemented for interfaces!
 -> (artifact id: 'c6d820617edcf098156b724d64f004b7') in 0.064034 seconds
Number of updated asset objects reloaded before import = 0
Number of asset objects unloaded after import = 1
========================================================================
Received Import Request.
  Time since last request: 0.000018 seconds.
  path: Assets/TextMesh Pro/Sprites/EmojiOne.json
  artifactKey: Guid(8f05276190cf498a8153f6cbe761d4e6) Importer(2089858483,0ecaa5967403d082aa24f35e1b516d23)
Start importing Assets/TextMesh Pro/Sprites/EmojiOne.json using Guid(8f05276190cf498a8153f6cbe761d4e6) Importer(2089858483,0ecaa5967403d082aa24f35e1b516d23) Generated GUIDs only implemented for interfaces!
 -> (artifact id: 'ba7174f5b30ec508d4a6fdb2255d346d') in 0.015076 seconds
Number of updated asset objects reloaded before import = 0
Number of asset objects unloaded after import = 1
========================================================================
Received Import Request.
  Time since last request: 0.000021 seconds.
  path: Assets/Textures/Characters/BrunoNightB.png
  artifactKey: Guid(cfd28d188bc94ac4eb6d1c996aba80ae) Importer(2089858483,0ecaa5967403d082aa24f35e1b516d23)
Start importing Assets/Textures/Characters/BrunoNightB.png using Guid(cfd28d188bc94ac4eb6d1c996aba80ae) Importer(2089858483,0ecaa5967403d082aa24f35e1b516d23) Generated GUIDs only implemented for interfaces!
 -> (artifact id: '78c1f404de514d2a34fd110c3b24f7db') in 0.036676 seconds
Number of updated asset objects reloaded before import = 0
Number of asset objects unloaded after import = 1
========================================================================
Received Import Request.
  Time since last request: 0.000017 seconds.
  path: Assets/TextMesh Pro/Shaders/TMP_Bitmap-Custom-Atlas.shader
  artifactKey: Guid(48bb5f55d8670e349b6e614913f9d910) Importer(2089858483,0ecaa5967403d082aa24f35e1b516d23)
Start importing Assets/TextMesh Pro/Shaders/TMP_Bitmap-Custom-Atlas.shader using Guid(48bb5f55d8670e349b6e614913f9d910) Importer(2089858483,0ecaa5967403d082aa24f35e1b516d23) Generated GUIDs only implemented for interfaces!
 -> (artifact id: 'fa34ad772958c18ca15d9b89fefe579e') in 0.016264 seconds
Number of updated asset objects reloaded before import = 0
Number of asset objects unloaded after import = 1
========================================================================
Received Import Request.
  Time since last request: 0.000037 seconds.
  path: Assets/Textures/Characters/AlexDayA.png
  artifactKey: Guid(c59b6b18e137159469cef7048fc409df) Importer(2089858483,0ecaa5967403d082aa24f35e1b516d23)
Start importing Assets/Textures/Characters/AlexDayA.png using Guid(c59b6b18e137159469cef7048fc409df) Importer(2089858483,0ecaa5967403d082aa24f35e1b516d23) Generated GUIDs only implemented for interfaces!
 -> (artifact id: '54728340775388d2cfd77efa4b84f01a') in 0.037951 seconds
Number of updated asset objects reloaded before import = 0
Number of asset objects unloaded after import = 1
========================================================================
Received Import Request.
  Time since last request: 0.000017 seconds.
  path: Assets/Textures/Characters/AlexKOC.png
  artifactKey: Guid(43f7fe26130a7e641bb51afeed24762a) Importer(2089858483,0ecaa5967403d082aa24f35e1b516d23)
Start importing Assets/Textures/Characters/AlexKOC.png using Guid(43f7fe26130a7e641bb51afeed24762a) Importer(2089858483,0ecaa5967403d082aa24f35e1b516d23) Generated GUIDs only implemented for interfaces!
 -> (artifact id: '822dde2f2ca8118e7a4f1f97231a7309') in 0.035497 seconds
Number of updated asset objects reloaded before import = 0
Number of asset objects unloaded after import = 1
========================================================================
Received Import Request.
  Time since last request: 0.000019 seconds.
  path: Assets/TextMesh Pro/Shaders/TMP_Sprite.shader
  artifactKey: Guid(cf81c85f95fe47e1a27f6ae460cf182c) Importer(2089858483,0ecaa5967403d082aa24f35e1b516d23)
Start importing Assets/TextMesh Pro/Shaders/TMP_Sprite.shader using Guid(cf81c85f95fe47e1a27f6ae460cf182c) Importer(2089858483,0ecaa5967403d082aa24f35e1b516d23) Generated GUIDs only implemented for interfaces!
 -> (artifact id: '70bf223235930e33a210f335984c9ce4') in 0.014667 seconds
Number of updated asset objects reloaded before import = 0
Number of asset objects unloaded after import = 1
========================================================================
Received Import Request.
  Time since last request: 0.000019 seconds.
  path: Assets/TextMesh Pro/Shaders/TMP_SDF-Mobile Masking.shader
  artifactKey: Guid(bc1ede39bf3643ee8e493720e4259791) Importer(2089858483,0ecaa5967403d082aa24f35e1b516d23)
Start importing Assets/TextMesh Pro/Shaders/TMP_SDF-Mobile Masking.shader using Guid(bc1ede39bf3643ee8e493720e4259791) Importer(2089858483,0ecaa5967403d082aa24f35e1b516d23) Generated GUIDs only implemented for interfaces!
 -> (artifact id: '912fb8afc0af43d5c6005bf485765ba1') in 0.016864 seconds
Number of updated asset objects reloaded before import = 0
Number of asset objects unloaded after import = 1
========================================================================
Received Import Request.
  Time since last request: 0.000019 seconds.
  path: Assets/TextMesh Pro/Shaders/TMPro_Surface.cginc
  artifactKey: Guid(d930090c0cd643c7b55f19a38538c162) Importer(2089858483,0ecaa5967403d082aa24f35e1b516d23)
Start importing Assets/TextMesh Pro/Shaders/TMPro_Surface.cginc using Guid(d930090c0cd643c7b55f19a38538c162) Importer(2089858483,0ecaa5967403d082aa24f35e1b516d23) Generated GUIDs only implemented for interfaces!
 -> (artifact id: '35c95bd5c502316f0e195320d89eeae1') in 0.016736 seconds
Number of updated asset objects reloaded before import = 0
Number of asset objects unloaded after import = 1
========================================================================
Received Import Request.
  Time since last request: 0.000021 seconds.
  path: Assets/Sprites/CandaceDayA.png
  artifactKey: Guid(9e8f35faa7408ed46a0e108555e5fdec) Importer(2089858483,0ecaa5967403d082aa24f35e1b516d23)
Start importing Assets/Sprites/CandaceDayA.png using Guid(9e8f35faa7408ed46a0e108555e5fdec) Importer(2089858483,0ecaa5967403d082aa24f35e1b516d23) Generated GUIDs only implemented for interfaces!
 -> (artifact id: 'f080b75d0b47727e0aa5a017c8f1d60a') in 0.035205 seconds
Number of updated asset objects reloaded before import = 0
Number of asset objects unloaded after import = 3
========================================================================
Received Import Request.
  Time since last request: 0.000019 seconds.
  path: Assets/TextMesh Pro/Shaders/TMP_Bitmap.shader
  artifactKey: Guid(128e987d567d4e2c824d754223b3f3b0) Importer(2089858483,0ecaa5967403d082aa24f35e1b516d23)
Start importing Assets/TextMesh Pro/Shaders/TMP_Bitmap.shader using Guid(128e987d567d4e2c824d754223b3f3b0) Importer(2089858483,0ecaa5967403d082aa24f35e1b516d23) Generated GUIDs only implemented for interfaces!
 -> (artifact id: 'cf2bfeed4013e2df08ea21c783d4b02f') in 0.014760 seconds
Number of updated asset objects reloaded before import = 0
Number of asset objects unloaded after import = 1
========================================================================
Received Import Request.
  Time since last request: 0.000017 seconds.
  path: Assets/sounds/Attack mixkit-small-hit-in-a-game-2072.mp3
  artifactKey: Guid(866e47a0ca337c546a4daf8df444a1de) Importer(2089858483,0ecaa5967403d082aa24f35e1b516d23)
Start importing Assets/sounds/Attack mixkit-small-hit-in-a-game-2072.mp3 using Guid(866e47a0ca337c546a4daf8df444a1de) Importer(2089858483,0ecaa5967403d082aa24f35e1b516d23) Generated GUIDs only implemented for interfaces!
 -> (artifact id: '1533b0315f562e72f21e46cf503ba405') in 0.062609 seconds
Number of updated asset objects reloaded before import = 0
Number of asset objects unloaded after import = 1
========================================================================
Received Import Request.
  Time since last request: 0.000023 seconds.
  path: Assets/TextMesh Pro/Shaders/TMP_SDF-Mobile.shader
  artifactKey: Guid(fe393ace9b354375a9cb14cdbbc28be4) Importer(2089858483,0ecaa5967403d082aa24f35e1b516d23)
Start importing Assets/TextMesh Pro/Shaders/TMP_SDF-Mobile.shader using Guid(fe393ace9b354375a9cb14cdbbc28be4) Importer(2089858483,0ecaa5967403d082aa24f35e1b516d23) Generated GUIDs only implemented for interfaces!
 -> (artifact id: 'd869597935ee3f0fb7a41a0ec4a3ebb7') in 0.015470 seconds
Number of updated asset objects reloaded before import = 0
Number of asset objects unloaded after import = 1
========================================================================
Received Import Request.
  Time since last request: 0.000073 seconds.
  path: Assets/Materials/white.mat
  artifactKey: Guid(1dacb18c983eccb42a6b5c6f6e008f2e) Importer(2089858483,0ecaa5967403d082aa24f35e1b516d23)
Start importing Assets/Materials/white.mat using Guid(1dacb18c983eccb42a6b5c6f6e008f2e) Importer(2089858483,0ecaa5967403d082aa24f35e1b516d23) Generated GUIDs only implemented for interfaces!
 -> (artifact id: '353c94b88683eee1627a64d7727b9e67') in 0.018009 seconds
Number of updated asset objects reloaded before import = 0
Number of asset objects unloaded after import = 1
========================================================================
Received Import Request.
  Time since last request: 0.000017 seconds.
  path: Assets/TextMesh Pro/Shaders/TMP_SDF-Mobile SSD.shader
  artifactKey: Guid(c8d12adcee749c344b8117cf7c7eb912) Importer(2089858483,0ecaa5967403d082aa24f35e1b516d23)
Start importing Assets/TextMesh Pro/Shaders/TMP_SDF-Mobile SSD.shader using Guid(c8d12adcee749c344b8117cf7c7eb912) Importer(2089858483,0ecaa5967403d082aa24f35e1b516d23) Generated GUIDs only implemented for interfaces!
 -> (artifact id: 'a6642e91da2b21ea62caf9f5bbb78aae') in 0.017804 seconds
Number of updated asset objects reloaded before import = 0
Number of asset objects unloaded after import = 1
========================================================================
Received Import Request.
  Time since last request: 0.000025 seconds.
  path: Assets/Textures/Characters/CandaceDayA.png
  artifactKey: Guid(4b71a9bc68b62194e89aa69793a0ad4d) Importer(2089858483,0ecaa5967403d082aa24f35e1b516d23)
Start importing Assets/Textures/Characters/CandaceDayA.png using Guid(4b71a9bc68b62194e89aa69793a0ad4d) Importer(2089858483,0ecaa5967403d082aa24f35e1b516d23) Generated GUIDs only implemented for interfaces!
 -> (artifact id: 'eb7e93f49f226e13c8ece3fdd2b44a60') in 0.032983 seconds
Number of updated asset objects reloaded before import = 0
Number of asset objects unloaded after import = 1
========================================================================
Received Import Request.
  Time since last request: 0.000021 seconds.
  path: Assets/Thaleah_PixelFont/ThaleahFat.fontsettings
  artifactKey: Guid(7264541c2f26d3042975d29b6dee9447) Importer(2089858483,0ecaa5967403d082aa24f35e1b516d23)
Start importing Assets/Thaleah_PixelFont/ThaleahFat.fontsettings using Guid(7264541c2f26d3042975d29b6dee9447) Importer(2089858483,0ecaa5967403d082aa24f35e1b516d23) Generated GUIDs only implemented for interfaces!
 -> (artifact id: '4951f7c62443793a87c792b9712d63c3') in 0.032119 seconds
Number of updated asset objects reloaded before import = 0
Number of asset objects unloaded after import = 2
========================================================================
Received Import Request.
  Time since last request: 0.000020 seconds.
  path: Assets/TextMesh Pro/Resources/LineBreaking Following Characters.txt
  artifactKey: Guid(fade42e8bc714b018fac513c043d323b) Importer(2089858483,0ecaa5967403d082aa24f35e1b516d23)
Start importing Assets/TextMesh Pro/Resources/LineBreaking Following Characters.txt using Guid(fade42e8bc714b018fac513c043d323b) Importer(2089858483,0ecaa5967403d082aa24f35e1b516d23) Generated GUIDs only implemented for interfaces!
 -> (artifact id: 'e0d15f0e3d3f5673528b5c0defbcaeaa') in 0.010239 seconds
Number of updated asset objects reloaded before import = 0
Number of asset objects unloaded after import = 1
========================================================================
Received Import Request.
  Time since last request: 0.000017 seconds.
  path: Assets/TextMesh Pro/Shaders/TMP_SDF SSD.shader
  artifactKey: Guid(14eb328de4b8eb245bb7cea29e4ac00b) Importer(2089858483,0ecaa5967403d082aa24f35e1b516d23)
Start importing Assets/TextMesh Pro/Shaders/TMP_SDF SSD.shader using Guid(14eb328de4b8eb245bb7cea29e4ac00b) Importer(2089858483,0ecaa5967403d082aa24f35e1b516d23) Generated GUIDs only implemented for interfaces!
 -> (artifact id: 'f499da3ca4568628cc447db5679765a5') in 0.017850 seconds
Number of updated asset objects reloaded before import = 0
Number of asset objects unloaded after import = 1
========================================================================
Received Import Request.
  Time since last request: 0.000017 seconds.
  path: Assets/TextMesh Pro/Resources/Fonts & Materials/LiberationSans SDF - Drop Shadow.mat
  artifactKey: Guid(e73a58f6e2794ae7b1b7e50b7fb811b0) Importer(2089858483,0ecaa5967403d082aa24f35e1b516d23)
Start importing Assets/TextMesh Pro/Resources/Fonts & Materials/LiberationSans SDF - Drop Shadow.mat using Guid(e73a58f6e2794ae7b1b7e50b7fb811b0) Importer(2089858483,0ecaa5967403d082aa24f35e1b516d23) Generated GUIDs only implemented for interfaces!
 -> (artifact id: '821d45f4e79ae60a14ff85fd53a87b7f') in 0.038504 seconds
Number of updated asset objects reloaded before import = 0
Number of asset objects unloaded after import = 2
========================================================================
Received Import Request.
  Time since last request: 0.000028 seconds.
  path: Assets/Textures/Level/DoorEasy_scaled_32x_pngcrushed.png
  artifactKey: Guid(4af7369f4c0bb674abac61c8add2e4d0) Importer(2089858483,0ecaa5967403d082aa24f35e1b516d23)
Start importing Assets/Textures/Level/DoorEasy_scaled_32x_pngcrushed.png using Guid(4af7369f4c0bb674abac61c8add2e4d0) Importer(2089858483,0ecaa5967403d082aa24f35e1b516d23) Generated GUIDs only implemented for interfaces!
 -> (artifact id: '7a4b829b5683bf53350d82ea96be25ff') in 0.041266 seconds
Number of updated asset objects reloaded before import = 0
Number of asset objects unloaded after import = 1
========================================================================
Received Import Request.
  Time since last request: 0.000021 seconds.
  path: Assets/Thaleah_PixelFont/Materials/ThaleahFat.mat
  artifactKey: Guid(55fb8c7e35fb8734891ef980797b1fea) Importer(2089858483,0ecaa5967403d082aa24f35e1b516d23)
Start importing Assets/Thaleah_PixelFont/Materials/ThaleahFat.mat using Guid(55fb8c7e35fb8734891ef980797b1fea) Importer(2089858483,0ecaa5967403d082aa24f35e1b516d23) Generated GUIDs only implemented for interfaces!
 -> (artifact id: '3af807ff7e65766c331a0115b2be616c') in 0.015944 seconds
Number of updated asset objects reloaded before import = 0
Number of asset objects unloaded after import = 2
========================================================================
Received Import Request.
  Time since last request: 0.000028 seconds.
  path: Assets/Textures/Characters/CandaceNightB.png
  artifactKey: Guid(bc6c2514e09a8004eadcd5915f39d424) Importer(2089858483,0ecaa5967403d082aa24f35e1b516d23)
Start importing Assets/Textures/Characters/CandaceNightB.png using Guid(bc6c2514e09a8004eadcd5915f39d424) Importer(2089858483,0ecaa5967403d082aa24f35e1b516d23) Generated GUIDs only implemented for interfaces!
 -> (artifact id: '0f5465b494e0727a2bc1dde217dbaecb') in 0.036206 seconds
Number of updated asset objects reloaded before import = 0
Number of asset objects unloaded after import = 1
========================================================================
Received Import Request.
  Time since last request: 0.000021 seconds.
  path: Assets/Textures/Characters/DedeNightA.png
  artifactKey: Guid(3806bc2188d5b884ea422bf23165fbde) Importer(2089858483,0ecaa5967403d082aa24f35e1b516d23)
Start importing Assets/Textures/Characters/DedeNightA.png using Guid(3806bc2188d5b884ea422bf23165fbde) Importer(2089858483,0ecaa5967403d082aa24f35e1b516d23) Generated GUIDs only implemented for interfaces!
 -> (artifact id: '9e82bfdc7793357da1dc0523cee97120') in 0.034519 seconds
Number of updated asset objects reloaded before import = 0
Number of asset objects unloaded after import = 1
========================================================================
Received Import Request.
  Time since last request: 0.000018 seconds.
  path: Assets/Textures/Level/DoorHard_scaled_32x_pngcrushed.png
  artifactKey: Guid(35c7e13e14b4b43429678254abdf0aa0) Importer(2089858483,0ecaa5967403d082aa24f35e1b516d23)
Start importing Assets/Textures/Level/DoorHard_scaled_32x_pngcrushed.png using Guid(35c7e13e14b4b43429678254abdf0aa0) Importer(2089858483,0ecaa5967403d082aa24f35e1b516d23) Generated GUIDs only implemented for interfaces!
 -> (artifact id: 'cf40feff0e4821be273ad67f58ace9f2') in 0.044189 seconds
Number of updated asset objects reloaded before import = 0
Number of asset objects unloaded after import = 1
========================================================================
Received Import Request.
  Time since last request: 0.000081 seconds.
  path: Assets/Textures/Characters/DedeKO.png
  artifactKey: Guid(8019f7773f692d34393a9bf9db627441) Importer(2089858483,0ecaa5967403d082aa24f35e1b516d23)
Start importing Assets/Textures/Characters/DedeKO.png using Guid(8019f7773f692d34393a9bf9db627441) Importer(2089858483,0ecaa5967403d082aa24f35e1b516d23) Generated GUIDs only implemented for interfaces!
 -> (artifact id: '05d6f67aba334aa4ab0245b1c53ea60a') in 0.035127 seconds
Number of updated asset objects reloaded before import = 0
Number of asset objects unloaded after import = 1
========================================================================
Received Import Request.
  Time since last request: 0.000018 seconds.
  path: Assets/Textures/Level/WallTextureMedium_scaled_16x_pngcrushed.png
  artifactKey: Guid(4e94345020f9b0b4da95148dbe91a051) Importer(2089858483,0ecaa5967403d082aa24f35e1b516d23)
Start importing Assets/Textures/Level/WallTextureMedium_scaled_16x_pngcrushed.png using Guid(4e94345020f9b0b4da95148dbe91a051) Importer(2089858483,0ecaa5967403d082aa24f35e1b516d23) Generated GUIDs only implemented for interfaces!
 -> (artifact id: '780920bf132c3e4d2153eb070115c4c4') in 0.035102 seconds
Number of updated asset objects reloaded before import = 0
Number of asset objects unloaded after import = 1
========================================================================
Received Import Request.
  Time since last request: 0.000039 seconds.
  path: Assets/Textures/Level/FloorTextureBoss_scaled_16x_pngcrushed.png
  artifactKey: Guid(dde88b1c457bd9345b66a6ddf420bb06) Importer(2089858483,0ecaa5967403d082aa24f35e1b516d23)
Start importing Assets/Textures/Level/FloorTextureBoss_scaled_16x_pngcrushed.png using Guid(dde88b1c457bd9345b66a6ddf420bb06) Importer(2089858483,0ecaa5967403d082aa24f35e1b516d23) Generated GUIDs only implemented for interfaces!
 -> (artifact id: '1270437eebb2ef7ce7e4fabd03a1df61') in 0.036486 seconds
Number of updated asset objects reloaded before import = 0
Number of asset objects unloaded after import = 1
========================================================================
Received Import Request.
  Time since last request: 0.000032 seconds.
  path: Assets/Textures/Characters/DedeDayB.png
  artifactKey: Guid(e03a1df103e71904b969f33ee30b2678) Importer(2089858483,0ecaa5967403d082aa24f35e1b516d23)
Start importing Assets/Textures/Characters/DedeDayB.png using Guid(e03a1df103e71904b969f33ee30b2678) Importer(2089858483,0ecaa5967403d082aa24f35e1b516d23) Generated GUIDs only implemented for interfaces!
 -> (artifact id: '000250f06fc4dd48d212ab7340d11466') in 0.039130 seconds
Number of updated asset objects reloaded before import = 0
Number of asset objects unloaded after import = 1
========================================================================
Received Import Request.
  Time since last request: 0.000043 seconds.
  path: Assets/map materials/easy wall.mat
  artifactKey: Guid(05a0dc40d81d5eb42b962acf475667b6) Importer(2089858483,0ecaa5967403d082aa24f35e1b516d23)
Start importing Assets/map materials/easy wall.mat using Guid(05a0dc40d81d5eb42b962acf475667b6) Importer(2089858483,0ecaa5967403d082aa24f35e1b516d23) Generated GUIDs only implemented for interfaces!
 -> (artifact id: '268c013ca7240aa6dd632f1de5af170a') in 0.019252 seconds
Number of updated asset objects reloaded before import = 0
Number of asset objects unloaded after import = 2
========================================================================
Received Import Request.
  Time since last request: 0.000017 seconds.
  path: Assets/Animations/NoMeetupBackgroundMoveOut.anim
  artifactKey: Guid(17579374ca835824fbf15b2238ea545f) Importer(2089858483,0ecaa5967403d082aa24f35e1b516d23)
Start importing Assets/Animations/NoMeetupBackgroundMoveOut.anim using Guid(17579374ca835824fbf15b2238ea545f) Importer(2089858483,0ecaa5967403d082aa24f35e1b516d23) Generated GUIDs only implemented for interfaces!
 -> (artifact id: 'a477c5d540c7e5b8fe5b7fadff8e960d') in 0.016685 seconds
Number of updated asset objects reloaded before import = 0
Number of asset objects unloaded after import = 1
========================================================================
Received Import Request.
  Time since last request: 0.000028 seconds.
  path: Assets/map materials/hard floor.mat
  artifactKey: Guid(dfb8af672daf0844597964b51d482066) Importer(2089858483,0ecaa5967403d082aa24f35e1b516d23)
Start importing Assets/map materials/hard floor.mat using Guid(dfb8af672daf0844597964b51d482066) Importer(2089858483,0ecaa5967403d082aa24f35e1b516d23) Generated GUIDs only implemented for interfaces!
 -> (artifact id: '73eb5152db13c5a00cc8d6847460ef93') in 0.024130 seconds
Number of updated asset objects reloaded before import = 0
Number of asset objects unloaded after import = 2
========================================================================
Received Import Request.
  Time since last request: 0.000020 seconds.
  path: Assets/Textures/Characters/AlexDayB.png
  artifactKey: Guid(f8c36ff7d4a3624438697852e5c1d995) Importer(2089858483,0ecaa5967403d082aa24f35e1b516d23)
Start importing Assets/Textures/Characters/AlexDayB.png using Guid(f8c36ff7d4a3624438697852e5c1d995) Importer(2089858483,0ecaa5967403d082aa24f35e1b516d23) Generated GUIDs only implemented for interfaces!
 -> (artifact id: 'f34b906239cae8c3a379549a88861726') in 0.035401 seconds
Number of updated asset objects reloaded before import = 0
Number of asset objects unloaded after import = 1
========================================================================
Received Import Request.
  Time since last request: 0.000075 seconds.
  path: Assets/Sprites/CandaceDayB.png
  artifactKey: Guid(e55b5f62b63181b4d9148b2a459aa1fb) Importer(2089858483,0ecaa5967403d082aa24f35e1b516d23)
Start importing Assets/Sprites/CandaceDayB.png using Guid(e55b5f62b63181b4d9148b2a459aa1fb) Importer(2089858483,0ecaa5967403d082aa24f35e1b516d23) Generated GUIDs only implemented for interfaces!
 -> (artifact id: 'a443807eeb13654ff1c597baa45f48c7') in 0.035413 seconds
Number of updated asset objects reloaded before import = 0
Number of asset objects unloaded after import = 3
========================================================================
Received Import Request.
  Time since last request: 0.000021 seconds.
  path: Assets/Animations/MeetupBackgroundMoveOut.anim
  artifactKey: Guid(711f8ac5eefe206498605291224af061) Importer(2089858483,0ecaa5967403d082aa24f35e1b516d23)
Start importing Assets/Animations/MeetupBackgroundMoveOut.anim using Guid(711f8ac5eefe206498605291224af061) Importer(2089858483,0ecaa5967403d082aa24f35e1b516d23) Generated GUIDs only implemented for interfaces!
 -> (artifact id: '23e8cbc5288e875c4e89420c12a00ecb') in 0.012463 seconds
Number of updated asset objects reloaded before import = 0
Number of asset objects unloaded after import = 1
========================================================================
Received Import Request.
  Time since last request: 0.000019 seconds.
  path: Assets/menu.png
  artifactKey: Guid(39930afe76dfe534f9838817dac16b3f) Importer(2089858483,0ecaa5967403d082aa24f35e1b516d23)
Start importing Assets/menu.png using Guid(39930afe76dfe534f9838817dac16b3f) Importer(2089858483,0ecaa5967403d082aa24f35e1b516d23) Generated GUIDs only implemented for interfaces!
 -> (artifact id: 'c1b0c9411d358f9332ec931f886ebf24') in 0.046214 seconds
Number of updated asset objects reloaded before import = 0
Number of asset objects unloaded after import = 3
========================================================================
Received Import Request.
  Time since last request: 0.000041 seconds.
  path: Assets/Sprites/GameMap.png
  artifactKey: Guid(4fc54d22b450eee48b1b011abb1018dc) Importer(2089858483,0ecaa5967403d082aa24f35e1b516d23)
Start importing Assets/Sprites/GameMap.png using Guid(4fc54d22b450eee48b1b011abb1018dc) Importer(2089858483,0ecaa5967403d082aa24f35e1b516d23) Generated GUIDs only implemented for interfaces!
 -> (artifact id: '5e11993919b01d2af785e8c67c193199') in 0.058730 seconds
Number of updated asset objects reloaded before import = 0
Number of asset objects unloaded after import = 3
========================================================================
Received Import Request.
  Time since last request: 0.000096 seconds.
  path: Assets/Music/Exit-the-Premises.mp3
  artifactKey: Guid(93ad5432f3902c146a3c42a263a857c0) Importer(2089858483,0ecaa5967403d082aa24f35e1b516d23)
Start importing Assets/Music/Exit-the-Premises.mp3 using Guid(93ad5432f3902c146a3c42a263a857c0) Importer(2089858483,0ecaa5967403d082aa24f35e1b516d23) Generated GUIDs only implemented for interfaces!
 -> (artifact id: '0d9de08c307505dd301ed0332d926657') in 0.064655 seconds
Number of updated asset objects reloaded before import = 0
Number of asset objects unloaded after import = 1
========================================================================
Received Import Request.
  Time since last request: 0.000022 seconds.
  path: Assets/Resources/Enemy.prefab
  artifactKey: Guid(ec4c7bc599974fa41ba20574d79e72ca) Importer(2089858483,0ecaa5967403d082aa24f35e1b516d23)
Start importing Assets/Resources/Enemy.prefab using Guid(ec4c7bc599974fa41ba20574d79e72ca) Importer(2089858483,0ecaa5967403d082aa24f35e1b516d23) Generated GUIDs only implemented for interfaces!
 -> (artifact id: '37d5cd72a13e7be39e9be815ee8f40f5') in 0.045973 seconds
Number of updated asset objects reloaded before import = 0
Number of asset objects unloaded after import = 11
========================================================================
Received Import Request.
  Time since last request: 0.000021 seconds.
  path: Assets/Materials/PMenue.png
  artifactKey: Guid(e0d87841f3517e24ba4e9e6c541576d9) Importer(2089858483,0ecaa5967403d082aa24f35e1b516d23)
Start importing Assets/Materials/PMenue.png using Guid(e0d87841f3517e24ba4e9e6c541576d9) Importer(2089858483,0ecaa5967403d082aa24f35e1b516d23) Generated GUIDs only implemented for interfaces!
 -> (artifact id: 'f2182a483ab9be2c91e42ed7b8d1f48d') in 0.031778 seconds
Number of updated asset objects reloaded before import = 0
Number of asset objects unloaded after import = 1
========================================================================
Received Import Request.
  Time since last request: 0.000019 seconds.
  path: Assets/TextMesh Pro/Resources/Style Sheets/Default Style Sheet.asset
  artifactKey: Guid(f952c082cb03451daed3ee968ac6c63e) Importer(2089858483,0ecaa5967403d082aa24f35e1b516d23)
Start importing Assets/TextMesh Pro/Resources/Style Sheets/Default Style Sheet.asset using Guid(f952c082cb03451daed3ee968ac6c63e) Importer(2089858483,0ecaa5967403d082aa24f35e1b516d23) Generated GUIDs only implemented for interfaces!
 -> (artifact id: '6d01f126b5d395715faf491fa4a7a6be') in 0.012226 seconds
Number of updated asset objects reloaded before import = 0
Number of asset objects unloaded after import = 1
========================================================================
Received Import Request.
  Time since last request: 0.000016 seconds.
  path: Assets/Animator Controllers/AlreadyVisitedBackgroundAnimatorController.controller
  artifactKey: Guid(37f6baa9934edc3459ff0bee4495d121) Importer(2089858483,0ecaa5967403d082aa24f35e1b516d23)
Start importing Assets/Animator Controllers/AlreadyVisitedBackgroundAnimatorController.controller using Guid(37f6baa9934edc3459ff0bee4495d121) Importer(2089858483,0ecaa5967403d082aa24f35e1b516d23) Generated GUIDs only implemented for interfaces!
 -> (artifact id: '303a46fcc35dfc0ca3582d1eb0714e51') in 0.027678 seconds
Number of updated asset objects reloaded before import = 0
Number of asset objects unloaded after import = 10
========================================================================
Received Import Request.
  Time since last request: 0.000020 seconds.
  path: Assets/TextMesh Pro/Shaders/TMP_Bitmap-Mobile.shader
  artifactKey: Guid(1e3b057af24249748ff873be7fafee47) Importer(2089858483,0ecaa5967403d082aa24f35e1b516d23)
Start importing Assets/TextMesh Pro/Shaders/TMP_Bitmap-Mobile.shader using Guid(1e3b057af24249748ff873be7fafee47) Importer(2089858483,0ecaa5967403d082aa24f35e1b516d23) Generated GUIDs only implemented for interfaces!
 -> (artifact id: '8e698a9cd4c038618ae9731984cde4f5') in 0.015043 seconds
Number of updated asset objects reloaded before import = 0
Number of asset objects unloaded after import = 1
========================================================================
Received Import Request.
  Time since last request: 0.000021 seconds.
  path: Assets/Animations/ShopBackgroundMoveOut.anim
  artifactKey: Guid(fbf45774b056bd447a3d8a8308faad8c) Importer(2089858483,0ecaa5967403d082aa24f35e1b516d23)
Start importing Assets/Animations/ShopBackgroundMoveOut.anim using Guid(fbf45774b056bd447a3d8a8308faad8c) Importer(2089858483,0ecaa5967403d082aa24f35e1b516d23) Generated GUIDs only implemented for interfaces!
 -> (artifact id: '185045f37a8fd988c8628b03d901cd5f') in 0.012598 seconds
Number of updated asset objects reloaded before import = 0
Number of asset objects unloaded after import = 1
========================================================================
Received Import Request.
  Time since last request: 0.000020 seconds.
  path: Assets/Music/Enigma-Long-Version-Complete-Version.mp3
  artifactKey: Guid(7b05e635bcb82034aaa3cc7bd69565d4) Importer(2089858483,0ecaa5967403d082aa24f35e1b516d23)
Start importing Assets/Music/Enigma-Long-Version-Complete-Version.mp3 using Guid(7b05e635bcb82034aaa3cc7bd69565d4) Importer(2089858483,0ecaa5967403d082aa24f35e1b516d23) Generated GUIDs only implemented for interfaces!
 -> (artifact id: '81a43c3eb68c110750f83a8b1eb34fd6') in 0.063287 seconds
Number of updated asset objects reloaded before import = 0
Number of asset objects unloaded after import = 1
========================================================================
Received Import Request.
  Time since last request: 0.000025 seconds.
  path: Assets/Textures/Level/DoorBoss_scaled_32x_pngcrushed.png
  artifactKey: Guid(8b2eb8d8e89a7644abdcc5d263e8a38f) Importer(2089858483,0ecaa5967403d082aa24f35e1b516d23)
Start importing Assets/Textures/Level/DoorBoss_scaled_32x_pngcrushed.png using Guid(8b2eb8d8e89a7644abdcc5d263e8a38f) Importer(2089858483,0ecaa5967403d082aa24f35e1b516d23) Generated GUIDs only implemented for interfaces!
 -> (artifact id: '01d7e4e0bb205fdbeded1e7aa1d3b120') in 0.038584 seconds
Number of updated asset objects reloaded before import = 0
Number of asset objects unloaded after import = 1
========================================================================
Received Import Request.
  Time since last request: 0.000018 seconds.
  path: Assets/menu.aseprite
  artifactKey: Guid(ceb5e8cc323de574d94f68f039cda34a) Importer(2089858483,0ecaa5967403d082aa24f35e1b516d23)
Start importing Assets/menu.aseprite using Guid(ceb5e8cc323de574d94f68f039cda34a) Importer(2089858483,0ecaa5967403d082aa24f35e1b516d23) Generated GUIDs only implemented for interfaces!
 -> (artifact id: '3fd29f6500c0fda64e730b976db9fc72') in 0.008979 seconds
Number of updated asset objects reloaded before import = 0
Number of asset objects unloaded after import = 1
========================================================================
Received Import Request.
  Time since last request: 0.000017 seconds.
  path: Assets/Materials/enemy back.png
  artifactKey: Guid(e01c52a398190564b944d42ae6cf5ec3) Importer(2089858483,0ecaa5967403d082aa24f35e1b516d23)
Start importing Assets/Materials/enemy back.png using Guid(e01c52a398190564b944d42ae6cf5ec3) Importer(2089858483,0ecaa5967403d082aa24f35e1b516d23) Generated GUIDs only implemented for interfaces!
 -> (artifact id: '3ae5e10a61a384c88917c9669740c43c') in 0.032507 seconds
Number of updated asset objects reloaded before import = 0
Number of asset objects unloaded after import = 1
========================================================================
Received Import Request.
  Time since last request: 0.000021 seconds.
  path: Assets/map materials/DoorMedium_scaled_32x_pngcrushed.png
  artifactKey: Guid(c864299c383ee46449ba39f6f7683088) Importer(2089858483,0ecaa5967403d082aa24f35e1b516d23)
Start importing Assets/map materials/DoorMedium_scaled_32x_pngcrushed.png using Guid(c864299c383ee46449ba39f6f7683088) Importer(2089858483,0ecaa5967403d082aa24f35e1b516d23) Generated GUIDs only implemented for interfaces!
 -> (artifact id: '4ddd38caf19fb878bba7d935582ddee5') in 0.033485 seconds
Number of updated asset objects reloaded before import = 0
Number of asset objects unloaded after import = 1
========================================================================
Received Import Request.
  Time since last request: 0.000021 seconds.
  path: Assets/Textures/Enemies/Skelly.png
  artifactKey: Guid(6ba8841383b224e45a13299e5bbfdd85) Importer(2089858483,0ecaa5967403d082aa24f35e1b516d23)
Start importing Assets/Textures/Enemies/Skelly.png using Guid(6ba8841383b224e45a13299e5bbfdd85) Importer(2089858483,0ecaa5967403d082aa24f35e1b516d23) Generated GUIDs only implemented for interfaces!
 -> (artifact id: '322b1640a78beec189d945d452f62bd0') in 0.038408 seconds
Number of updated asset objects reloaded before import = 0
Number of asset objects unloaded after import = 3
========================================================================
Received Import Request.
  Time since last request: 0.000019 seconds.
  path: Assets/map materials/FloorTextureMedium_scaled_16x_pngcrushed.png
  artifactKey: Guid(c306aa8e5fb41de46839eee4c863210d) Importer(2089858483,0ecaa5967403d082aa24f35e1b516d23)
Start importing Assets/map materials/FloorTextureMedium_scaled_16x_pngcrushed.png using Guid(c306aa8e5fb41de46839eee4c863210d) Importer(2089858483,0ecaa5967403d082aa24f35e1b516d23) Generated GUIDs only implemented for interfaces!
 -> (artifact id: 'd9a99b0b5a6e0ecad5a0bdbd2c656589') in 0.029173 seconds
Number of updated asset objects reloaded before import = 0
Number of asset objects unloaded after import = 1
========================================================================
Received Import Request.
  Time since last request: 0.000020 seconds.
  path: Assets/Animations/MeetupBackgroundMoveIn.anim
  artifactKey: Guid(704a85c4185aacb48b73d5c0370ebf44) Importer(2089858483,0ecaa5967403d082aa24f35e1b516d23)
Start importing Assets/Animations/MeetupBackgroundMoveIn.anim using Guid(704a85c4185aacb48b73d5c0370ebf44) Importer(2089858483,0ecaa5967403d082aa24f35e1b516d23) Generated GUIDs only implemented for interfaces!
 -> (artifact id: '146324811c726252dfa24ad2a370424a') in 0.013002 seconds
Number of updated asset objects reloaded before import = 0
Number of asset objects unloaded after import = 1
========================================================================
Received Import Request.
  Time since last request: 0.000019 seconds.
  path: Assets/map materials/door.jpg
  artifactKey: Guid(d8b4664c7a1b8bc4b9c0ed8cf59b7ad6) Importer(2089858483,0ecaa5967403d082aa24f35e1b516d23)
Start importing Assets/map materials/door.jpg using Guid(d8b4664c7a1b8bc4b9c0ed8cf59b7ad6) Importer(2089858483,0ecaa5967403d082aa24f35e1b516d23) Generated GUIDs only implemented for interfaces!
 -> (artifact id: 'ebb03209ac720d310547af18fd4d5c3c') in 0.033289 seconds
Number of updated asset objects reloaded before import = 0
Number of asset objects unloaded after import = 1
========================================================================
Received Import Request.
  Time since last request: 0.000020 seconds.
  path: Assets/Thaleah_PixelFont/Thaleah_Demo.unity
  artifactKey: Guid(180143f4a57f2124dae57257c95bc10a) Importer(2089858483,0ecaa5967403d082aa24f35e1b516d23)
Start importing Assets/Thaleah_PixelFont/Thaleah_Demo.unity using Guid(180143f4a57f2124dae57257c95bc10a) Importer(2089858483,0ecaa5967403d082aa24f35e1b516d23) Generated GUIDs only implemented for interfaces!
 -> (artifact id: 'ca9eb05520da334cb50b5d39334926ed') in 0.010808 seconds
Number of updated asset objects reloaded before import = 0
Number of asset objects unloaded after import = 1
========================================================================
Received Import Request.
  Time since last request: 0.000029 seconds.
  path: Assets/Animations/VisitAllBackgroundMoveIn.anim
  artifactKey: Guid(3f466f4b7a0228a4b87c67a75d69ca56) Importer(2089858483,0ecaa5967403d082aa24f35e1b516d23)
Start importing Assets/Animations/VisitAllBackgroundMoveIn.anim using Guid(3f466f4b7a0228a4b87c67a75d69ca56) Importer(2089858483,0ecaa5967403d082aa24f35e1b516d23) Generated GUIDs only implemented for interfaces!
 -> (artifact id: '4b66ebbbf0b6f1f0af70cd89582e537c') in 0.014011 seconds
Number of updated asset objects reloaded before import = 0
Number of asset objects unloaded after import = 1
========================================================================
Received Import Request.
  Time since last request: 0.000017 seconds.
  path: Assets/map materials/textures.mat
  artifactKey: Guid(3936a7f5b7bf67e48afb91685e3e0253) Importer(2089858483,0ecaa5967403d082aa24f35e1b516d23)
Start importing Assets/map materials/textures.mat using Guid(3936a7f5b7bf67e48afb91685e3e0253) Importer(2089858483,0ecaa5967403d082aa24f35e1b516d23) Generated GUIDs only implemented for interfaces!
 -> (artifact id: '95b08d0061b2e7afcbbb76f86c63db92') in 0.019876 seconds
Number of updated asset objects reloaded before import = 0
Number of asset objects unloaded after import = 2
========================================================================
Received Import Request.
  Time since last request: 0.000015 seconds.
  path: Assets/map materials/boss door.mat
  artifactKey: Guid(1d1811e5e7c1515458815e7d5bbe7e89) Importer(2089858483,0ecaa5967403d082aa24f35e1b516d23)
Start importing Assets/map materials/boss door.mat using Guid(1d1811e5e7c1515458815e7d5bbe7e89) Importer(2089858483,0ecaa5967403d082aa24f35e1b516d23) Generated GUIDs only implemented for interfaces!
 -> (artifact id: '385628bd653d404c6c6d73282379f84e') in 0.021213 seconds
Number of updated asset objects reloaded before import = 0
Number of asset objects unloaded after import = 2
========================================================================
Received Import Request.
  Time since last request: 0.000017 seconds.
  path: Assets/TextMesh Pro/Fonts/LiberationSans - OFL.txt
  artifactKey: Guid(6e59c59b81ab47f9b6ec5781fa725d2c) Importer(2089858483,0ecaa5967403d082aa24f35e1b516d23)
Start importing Assets/TextMesh Pro/Fonts/LiberationSans - OFL.txt using Guid(6e59c59b81ab47f9b6ec5781fa725d2c) Importer(2089858483,0ecaa5967403d082aa24f35e1b516d23) Generated GUIDs only implemented for interfaces!
 -> (artifact id: '3ea1566370b34aed370e86b4299b5d5c') in 0.016494 seconds
Number of updated asset objects reloaded before import = 0
Number of asset objects unloaded after import = 1
========================================================================
Received Import Request.
  Time since last request: 0.000018 seconds.
  path: Assets/Materials/arrow 1.png
  artifactKey: Guid(bcb1246356a8a1b4fa96972c26c850b5) Importer(2089858483,0ecaa5967403d082aa24f35e1b516d23)
Start importing Assets/Materials/arrow 1.png using Guid(bcb1246356a8a1b4fa96972c26c850b5) Importer(2089858483,0ecaa5967403d082aa24f35e1b516d23) Generated GUIDs only implemented for interfaces!
 -> (artifact id: '50596a4e48acfa9ba1bb98dc26e35d6e') in 0.030781 seconds
Number of updated asset objects reloaded before import = 0
Number of asset objects unloaded after import = 1
========================================================================
Received Import Request.
  Time since last request: 0.000022 seconds.
  path: Assets/Scenes/TitleScene.unity
  artifactKey: Guid(afcf7225abc7e694ba98ab5d9e5fa9d3) Importer(2089858483,0ecaa5967403d082aa24f35e1b516d23)
Start importing Assets/Scenes/TitleScene.unity using Guid(afcf7225abc7e694ba98ab5d9e5fa9d3) Importer(2089858483,0ecaa5967403d082aa24f35e1b516d23) Generated GUIDs only implemented for interfaces!
 -> (artifact id: '2e69d8e413f7806074bc9137de1eee9b') in 0.009600 seconds
Number of updated asset objects reloaded before import = 0
Number of asset objects unloaded after import = 1
========================================================================
Received Import Request.
  Time since last request: 0.000018 seconds.
  path: Assets/enemyController.cs
  artifactKey: Guid(98705cd9c9148fa4f949df98675acbd7) Importer(2089858483,0ecaa5967403d082aa24f35e1b516d23)
Start importing Assets/enemyController.cs using Guid(98705cd9c9148fa4f949df98675acbd7) Importer(2089858483,0ecaa5967403d082aa24f35e1b516d23) Generated GUIDs only implemented for interfaces!
 -> (artifact id: 'a21ad1c3c84cd9b064931c69995393af') in 0.011310 seconds
Number of updated asset objects reloaded before import = 0
Number of asset objects unloaded after import = 1
========================================================================
Received Import Request.
  Time since last request: 0.000021 seconds.
  path: Assets/map materials/DoorHard_scaled_32x_pngcrushed.png
  artifactKey: Guid(ed5ccbca4fc0f354bb5250aeadea44cc) Importer(2089858483,0ecaa5967403d082aa24f35e1b516d23)
Start importing Assets/map materials/DoorHard_scaled_32x_pngcrushed.png using Guid(ed5ccbca4fc0f354bb5250aeadea44cc) Importer(2089858483,0ecaa5967403d082aa24f35e1b516d23) Generated GUIDs only implemented for interfaces!
 -> (artifact id: '6ff6d953b5cb2bc8acfb8c0291aa02d2') in 0.030870 seconds
Number of updated asset objects reloaded before import = 0
Number of asset objects unloaded after import = 1
========================================================================
Received Import Request.
  Time since last request: 0.000027 seconds.
  path: Assets/Textures/Characters/AlexNightC.png
  artifactKey: Guid(2ef4d0333febee740baa5ae61b483bff) Importer(2089858483,0ecaa5967403d082aa24f35e1b516d23)
Start importing Assets/Textures/Characters/AlexNightC.png using Guid(2ef4d0333febee740baa5ae61b483bff) Importer(2089858483,0ecaa5967403d082aa24f35e1b516d23) Generated GUIDs only implemented for interfaces!
 -> (artifact id: '7da1904ba779cd5335d7fca33ac4cca5') in 0.035868 seconds
Number of updated asset objects reloaded before import = 0
Number of asset objects unloaded after import = 1
========================================================================
Received Import Request.
  Time since last request: 0.000018 seconds.
  path: Assets/Materials/PMenus.png
  artifactKey: Guid(9a132a0b7fb007742be86286e020b90f) Importer(2089858483,0ecaa5967403d082aa24f35e1b516d23)
Start importing Assets/Materials/PMenus.png using Guid(9a132a0b7fb007742be86286e020b90f) Importer(2089858483,0ecaa5967403d082aa24f35e1b516d23) Generated GUIDs only implemented for interfaces!
 -> (artifact id: '8ac71a78127b9af1650f729ed2ccc5ce') in 0.024951 seconds
Number of updated asset objects reloaded before import = 0
Number of asset objects unloaded after import = 1
========================================================================
Received Import Request.
  Time since last request: 0.000019 seconds.
  path: Assets/TextMesh Pro/Shaders/TMP_SDF-Surface-Mobile.shader
  artifactKey: Guid(85187c2149c549c5b33f0cdb02836b17) Importer(2089858483,0ecaa5967403d082aa24f35e1b516d23)
Start importing Assets/TextMesh Pro/Shaders/TMP_SDF-Surface-Mobile.shader using Guid(85187c2149c549c5b33f0cdb02836b17) Importer(2089858483,0ecaa5967403d082aa24f35e1b516d23) Generated GUIDs only implemented for interfaces!
 -> (artifact id: 'ba5ff46e26bb2d12c0fc1ec6aca69cd5') in 0.016889 seconds
Number of updated asset objects reloaded before import = 0
Number of asset objects unloaded after import = 1
========================================================================
Received Import Request.
  Time since last request: 0.000031 seconds.
  path: Assets/Textures/Characters/CandaceNightA.png
  artifactKey: Guid(2b98f7c2949242249a87afcc065ee243) Importer(2089858483,0ecaa5967403d082aa24f35e1b516d23)
Start importing Assets/Textures/Characters/CandaceNightA.png using Guid(2b98f7c2949242249a87afcc065ee243) Importer(2089858483,0ecaa5967403d082aa24f35e1b516d23) Generated GUIDs only implemented for interfaces!
 -> (artifact id: 'fa7724ce41671d411c549734855fae40') in 0.039535 seconds
Number of updated asset objects reloaded before import = 0
Number of asset objects unloaded after import = 1
========================================================================
Received Import Request.
  Time since last request: 0.000024 seconds.
  path: Assets/map materials/WallTextureMedium_scaled_16x_pngcrushed.png
  artifactKey: Guid(b6a4acfa334b224498e480f3273645ae) Importer(2089858483,0ecaa5967403d082aa24f35e1b516d23)
Start importing Assets/map materials/WallTextureMedium_scaled_16x_pngcrushed.png using Guid(b6a4acfa334b224498e480f3273645ae) Importer(2089858483,0ecaa5967403d082aa24f35e1b516d23) Generated GUIDs only implemented for interfaces!
 -> (artifact id: 'a1ed55c28716b09c680ea0b9ed80ec2b') in 0.029744 seconds
Number of updated asset objects reloaded before import = 0
Number of asset objects unloaded after import = 1
========================================================================
Received Import Request.
  Time since last request: 0.000019 seconds.
  path: Assets/Materials/AlexBattle.png
  artifactKey: Guid(bd5e67b0222a616418e5275975d454e3) Importer(2089858483,0ecaa5967403d082aa24f35e1b516d23)
Start importing Assets/Materials/AlexBattle.png using Guid(bd5e67b0222a616418e5275975d454e3) Importer(2089858483,0ecaa5967403d082aa24f35e1b516d23) Generated GUIDs only implemented for interfaces!
 -> (artifact id: '67cd91567ae5636067b19e2479187f76') in 0.028095 seconds
Number of updated asset objects reloaded before import = 0
Number of asset objects unloaded after import = 1
========================================================================
Received Import Request.
  Time since last request: 0.000015 seconds.
  path: Assets/Textures/Level/WallTextureEasy_scaled_16x_pngcrushed.png
  artifactKey: Guid(92ddaf86d25eb374eaaca5ef0d711e14) Importer(2089858483,0ecaa5967403d082aa24f35e1b516d23)
Start importing Assets/Textures/Level/WallTextureEasy_scaled_16x_pngcrushed.png using Guid(92ddaf86d25eb374eaaca5ef0d711e14) Importer(2089858483,0ecaa5967403d082aa24f35e1b516d23) Generated GUIDs only implemented for interfaces!
 -> (artifact id: '7e762c1313b183c5f0c1952a42b4f07e') in 0.035724 seconds
Number of updated asset objects reloaded before import = 0
Number of asset objects unloaded after import = 1
========================================================================
Received Import Request.
  Time since last request: 0.000023 seconds.
  path: Assets/Textures/Characters/AlexNightA.png
  artifactKey: Guid(3218896e7a0c40e43b669470807b7561) Importer(2089858483,0ecaa5967403d082aa24f35e1b516d23)
Start importing Assets/Textures/Characters/AlexNightA.png using Guid(3218896e7a0c40e43b669470807b7561) Importer(2089858483,0ecaa5967403d082aa24f35e1b516d23) Generated GUIDs only implemented for interfaces!
 -> (artifact id: '3940396b84e63004a65c1b6e9409f953') in 0.033435 seconds
Number of updated asset objects reloaded before import = 0
Number of asset objects unloaded after import = 1
========================================================================
Received Prepare
Refreshing native plugins compatible for Editor in 4.32 ms, found 3 plugins.
Preloading 0 native plugins for Editor in 0.00 ms.
Unloading 0 Unused Serialized files (Serialized files now loaded: 0)
Unloading 1 unused Assets / (0.9 KB). Loaded Objects now: 3476.
Memory consumption went from 77.5 MB to 77.5 MB.
Total: 2.834700 ms (FindLiveObjects: 0.225600 ms CreateObjectMapping: 0.086000 ms MarkObjects: 2.504300 ms  DeleteObjects: 0.017600 ms)

Prepare: number of updated asset objects reloaded= 0
AssetImportParameters requested are different than current active one (requested -> active):
  custom:video-decoder-webm-vp8: 9c59270c3fd7afecdb556c50c9e8de78 -> 
  custom:SearchIndexIgnoredProperties: e643bd26f0fe6173181afceb89e7c659 -> 
  custom:container-demuxer-ogg: 62fdf1f143b41e24485cea50d1cbac27 -> 
  custom:AudioImporter_EditorPlatform: d09bf68614088b80899f8185d706f6e7 -> 
  custom:video-decoder-ogg-theora: a1e56fd34408186e4bbccfd4996cb3dc -> 
  custom:framework-win-MediaFoundation: 216162199b28c13a410421893ffa2e32 -> 
  custom:video-encoder-webm-vp8: eb34c28f22e8b96e1ab97ce403110664 -> 
  custom:audio-decoder-ogg-vorbis: bf7c407c2cedff20999df2af8eb42d56 -> 
  custom:CustomObjectIndexerAttribute: 756ad292c208cfabdd7b50bc23989ffe -> 
  custom:container-demuxer-webm: 4f35f7cbe854078d1ac9338744f61a02 -> 
  custom:audio-encoder-webm-vorbis: bf7c407c2cedff20999df2af8eb42d56 -> 
  custom:container-muxer-webm: aa71ff27fc2769a1b78a27578f13a17b -> 
